time="2017-03-09T15:26:43.035036989+09:00" level=info msg="libcontainerd: new containerd process, pid: 3728" 
time="2017-03-09T15:26:43.040080611+09:00" level=warning msg="containerd: low RLIMIT_NOFILE changing to max" current=1024 max=65536 
time="2017-03-09T15:26:44.071037089+09:00" level=info msg="[graphdriver] using prior storage driver \"aufs\"" 
time="2017-03-09T15:26:44.081690648+09:00" level=info msg="Graph migration to content-addressability took 0.00 seconds" 
time="2017-03-09T15:26:44.081864897+09:00" level=warning msg="Your kernel does not support swap memory limit." 
time="2017-03-09T15:26:44.082133247+09:00" level=info msg="Loading containers: start." 
time="2017-03-09T15:26:44.085634908+09:00" level=info msg="Firewalld running: false" 
time="2017-03-09T15:26:44.150648277+09:00" level=info msg="Default bridge (docker0) is assigned with an IP address 172.17.0.0/16. Daemon option --bip can be used to set a preferred IP address" 

time="2017-03-09T15:26:44.175176081+09:00" level=info msg="Loading containers: done." 
time="2017-03-09T15:26:44.175218414+09:00" level=info msg="Daemon has completed initialization" 
time="2017-03-09T15:26:44.175233501+09:00" level=info msg="Docker daemon" commit=78d1802 graphdriver=aufs version=1.12.6 
time="2017-03-09T15:26:44.190308619+09:00" level=info msg="API listen on /var/run/docker.sock" 
time="2017-03-09T15:29:05.890834778+09:00" level=warning msg="Couldn't run auplink before unmount /var/lib/docker/tmp/docker-aufs-union489091863: exec: \"auplink\": executable file not found in $PATH" 
time="2017-03-09T15:29:05.898802525+09:00" level=warning msg="Couldn't run auplink before unmount /var/lib/docker/aufs/mnt/102a7b419ef7baa4f92324efe3a62b0f9ae23195e27a0af7c514abb574b67546-init: exec: \"auplink\": executable file not found in $PATH" 
time="2017-03-09T15:29:05.912335971+09:00" level=warning msg="Couldn't run auplink before unmount /var/lib/docker/aufs/mnt/102a7b419ef7baa4f92324efe3a62b0f9ae23195e27a0af7c514abb574b67546: exec: \"auplink\": executable file not found in $PATH" 
time="2017-03-09T15:29:05.950356372+09:00" level=info msg="Layer sha256:6da6805a6c39eb988e57f53e51850a9c0b678c7858a3aada6bc43d164a0437b2 cleaned up" 
time="2017-03-09T15:29:05.950410901+09:00" level=warning msg="Couldn't run auplink before unmount /var/lib/docker/aufs/mnt/102a7b419ef7baa4f92324efe3a62b0f9ae23195e27a0af7c514abb574b67546: exec: \"auplink\": executable file not found in $PATH" 
time="2017-03-09T15:29:05.966811532+09:00" level=warning msg="Couldn't run auplink before unmount /var/lib/docker/aufs/mnt/09965fd6111a2d38e54334cf3d866cd2e1cf2abbbde6a9982401d695afadf1a9-init: exec: \"auplink\": executable file not found in $PATH" 
time="2017-03-09T15:29:05.979852010+09:00" level=warning msg="Couldn't run auplink before unmount /var/lib/docker/aufs/mnt/09965fd6111a2d38e54334cf3d866cd2e1cf2abbbde6a9982401d695afadf1a9: exec: \"auplink\": executable file not found in $PATH" 
time="2017-03-09T15:29:06.027000274+09:00" level=info msg="Layer sha256:6da6805a6c39eb988e57f53e51850a9c0b678c7858a3aada6bc43d164a0437b2 cleaned up" 
time="2017-03-09T15:29:06.027053648+09:00" level=warning msg="Couldn't run auplink before unmount /var/lib/docker/aufs/mnt/09965fd6111a2d38e54334cf3d866cd2e1cf2abbbde6a9982401d695afadf1a9: exec: \"auplink\": executable file not found in $PATH" 
time="2017-03-09T15:29:06.043676585+09:00" level=warning msg="Couldn't run auplink before unmount /var/lib/docker/aufs/mnt/2beb5a6faea2deb49981eebd771f930872ce1bf1bfcad5a60fd1c1602c95be0d-init: exec: \"auplink\": executable file not found in $PATH" 
time="2017-03-09T15:29:06.056981834+09:00" level=warning msg="Couldn't run auplink before unmount /var/lib/docker/aufs/mnt/2beb5a6faea2deb49981eebd771f930872ce1bf1bfcad5a60fd1c1602c95be0d: exec: \"auplink\": executable file not found in $PATH" 
time="2017-03-09T15:29:18.504556188+09:00" level=warning msg="Couldn't run auplink before unmount /var/lib/docker/aufs/mnt/2beb5a6faea2deb49981eebd771f930872ce1bf1bfcad5a60fd1c1602c95be0d: exec: \"auplink\": executable file not found in $PATH" 
time="2017-03-09T15:29:19.142411838+09:00" level=warning msg="Couldn't run auplink before unmount /var/lib/docker/aufs/mnt/2beb5a6faea2deb49981eebd771f930872ce1bf1bfcad5a60fd1c1602c95be0d: exec: \"auplink\": executable file not found in $PATH" 
time="2017-03-09T15:29:19.176371237+09:00" level=warning msg="Couldn't run auplink before unmount /var/lib/docker/aufs/mnt/519ea7ef6daef77da10eac43e658c80a868f20fdbcf1e5eab9292ea123a832c8-init: exec: \"auplink\": executable file not found in $PATH" 
time="2017-03-09T15:29:19.194569824+09:00" level=warning msg="Couldn't run auplink before unmount /var/lib/docker/aufs/mnt/519ea7ef6daef77da10eac43e658c80a868f20fdbcf1e5eab9292ea123a832c8: exec: \"auplink\": executable file not found in $PATH" 
time="2017-03-09T15:30:06.177657160+09:00" level=warning msg="Couldn't run auplink before unmount /var/lib/docker/aufs/mnt/519ea7ef6daef77da10eac43e658c80a868f20fdbcf1e5eab9292ea123a832c8: exec: \"auplink\": executable file not found in $PATH" 
time="2017-03-09T15:30:06.938869179+09:00" level=warning msg="Couldn't run auplink before unmount /var/lib/docker/aufs/mnt/519ea7ef6daef77da10eac43e658c80a868f20fdbcf1e5eab9292ea123a832c8: exec: \"auplink\": executable file not found in $PATH" 
time="2017-03-09T15:30:06.975561731+09:00" level=warning msg="Couldn't run auplink before unmount /var/lib/docker/aufs/mnt/9fcb0176ce0b7239487c23712aae894927d415bedd6e6f71e14267189f910056-init: exec: \"auplink\": executable file not found in $PATH" 
time="2017-03-09T15:30:06.992209004+09:00" level=warning msg="Couldn't run auplink before unmount /var/lib/docker/aufs/mnt/9fcb0176ce0b7239487c23712aae894927d415bedd6e6f71e14267189f910056: exec: \"auplink\": executable file not found in $PATH" 
time="2017-03-09T15:30:35.777398604+09:00" level=warning msg="Couldn't run auplink before unmount /var/lib/docker/aufs/mnt/9fcb0176ce0b7239487c23712aae894927d415bedd6e6f71e14267189f910056: exec: \"auplink\": executable file not found in $PATH" 
time="2017-03-09T15:30:40.620935278+09:00" level=warning msg="Couldn't run auplink before unmount /var/lib/docker/aufs/mnt/9fcb0176ce0b7239487c23712aae894927d415bedd6e6f71e14267189f910056: exec: \"auplink\": executable file not found in $PATH" 
time="2017-03-09T15:30:40.734745520+09:00" level=warning msg="Couldn't run auplink before unmount /var/lib/docker/aufs/mnt/29c98f35344ff0aedc2caa8914536f06c5c4eb12131de1d5a0d591523fa0ad53-init: exec: \"auplink\": executable file not found in $PATH" 
time="2017-03-09T15:30:40.771215288+09:00" level=warning msg="Couldn't run auplink before unmount /var/lib/docker/aufs/mnt/29c98f35344ff0aedc2caa8914536f06c5c4eb12131de1d5a0d591523fa0ad53: exec: \"auplink\": executable file not found in $PATH" 
time="2017-03-09T15:30:40.965880725+09:00" level=warning msg="Couldn't run auplink before unmount /var/lib/docker/aufs/mnt/29c98f35344ff0aedc2caa8914536f06c5c4eb12131de1d5a0d591523fa0ad53: exec: \"auplink\": executable file not found in $PATH" 
time="2017-03-09T15:30:41.001920461+09:00" level=warning msg="Couldn't run auplink before unmount /var/lib/docker/aufs/mnt/29c98f35344ff0aedc2caa8914536f06c5c4eb12131de1d5a0d591523fa0ad53: exec: \"auplink\": executable file not found in $PATH" 
time="2017-03-09T15:30:41.017038173+09:00" level=warning msg="Couldn't run auplink before unmount /var/lib/docker/aufs/mnt/608205f0667c073e61585a06dbe93fe515d2e0ffa236bd2b7674a75b16f67b02-init: exec: \"auplink\": executable file not found in $PATH" 
time="2017-03-09T15:30:41.030946580+09:00" level=warning msg="Couldn't run auplink before unmount /var/lib/docker/aufs/mnt/608205f0667c073e61585a06dbe93fe515d2e0ffa236bd2b7674a75b16f67b02: exec: \"auplink\": executable file not found in $PATH" 
time="2017-03-09T15:30:41.170230648+09:00" level=warning msg="failed to close stdin: rpc error: code = 2 desc = containerd: container not found" 
time="2017-03-09T15:30:41.201328259+09:00" level=warning msg="Couldn't run auplink before unmount /var/lib/docker/aufs/mnt/608205f0667c073e61585a06dbe93fe515d2e0ffa236bd2b7674a75b16f67b02: exec: \"auplink\": executable file not found in $PATH" 
time="2017-03-09T15:30:41.241092842+09:00" level=info msg="Layer sha256:6603cc75ec7ab46d99453c8ab22bf748b2ea75bfed0945abfe3cc0154b0e0cd6 cleaned up" 
time="2017-03-09T15:30:41.241150982+09:00" level=warning msg="Couldn't run auplink before unmount /var/lib/docker/aufs/mnt/608205f0667c073e61585a06dbe93fe515d2e0ffa236bd2b7674a75b16f67b02: exec: \"auplink\": executable file not found in $PATH" 
time="2017-03-09T15:30:41.257305610+09:00" level=warning msg="Couldn't run auplink before unmount /var/lib/docker/aufs/mnt/2f82265e3250d09d12606b16d926fe0ff224b8643014764c8fd3571b805a2d63-init: exec: \"auplink\": executable file not found in $PATH" 
time="2017-03-09T15:30:41.270334674+09:00" level=warning msg="Couldn't run auplink before unmount /var/lib/docker/aufs/mnt/2f82265e3250d09d12606b16d926fe0ff224b8643014764c8fd3571b805a2d63: exec: \"auplink\": executable file not found in $PATH" 
time="2017-03-09T15:30:41.406716723+09:00" level=warning msg="failed to close stdin: rpc error: code = 2 desc = containerd: container not found" 
time="2017-03-09T15:30:41.436978628+09:00" level=warning msg="Couldn't run auplink before unmount /var/lib/docker/aufs/mnt/2f82265e3250d09d12606b16d926fe0ff224b8643014764c8fd3571b805a2d63: exec: \"auplink\": executable file not found in $PATH" 
time="2017-03-09T15:30:41.489933727+09:00" level=warning msg="Couldn't run auplink before unmount /var/lib/docker/aufs/mnt/2f82265e3250d09d12606b16d926fe0ff224b8643014764c8fd3571b805a2d63: exec: \"auplink\": executable file not found in $PATH" 
time="2017-03-09T15:30:41.505952652+09:00" level=warning msg="Couldn't run auplink before unmount /var/lib/docker/aufs/mnt/e77f02cf72795717db79237ba04fbbf9365701615b8b1481a78cf044e9f99ad1-init: exec: \"auplink\": executable file not found in $PATH" 
time="2017-03-09T15:30:41.518367917+09:00" level=warning msg="Couldn't run auplink before unmount /var/lib/docker/aufs/mnt/e77f02cf72795717db79237ba04fbbf9365701615b8b1481a78cf044e9f99ad1: exec: \"auplink\": executable file not found in $PATH" 
time="2017-03-09T15:30:41.702882623+09:00" level=warning msg="Couldn't run auplink before unmount /var/lib/docker/aufs/mnt/e77f02cf72795717db79237ba04fbbf9365701615b8b1481a78cf044e9f99ad1: exec: \"auplink\": executable file not found in $PATH" 
time="2017-03-09T15:30:41.739705530+09:00" level=warning msg="Couldn't run auplink before unmount /var/lib/docker/aufs/mnt/e77f02cf72795717db79237ba04fbbf9365701615b8b1481a78cf044e9f99ad1: exec: \"auplink\": executable file not found in $PATH" 
time="2017-03-09T15:30:41.755560090+09:00" level=warning msg="Couldn't run auplink before unmount /var/lib/docker/aufs/mnt/0425dbda572cab8c4a5280cb31c07de18af81fc0090caae10c98602d44caffc0-init: exec: \"auplink\": executable file not found in $PATH" 
time="2017-03-09T15:30:41.768782073+09:00" level=warning msg="Couldn't run auplink before unmount /var/lib/docker/aufs/mnt/0425dbda572cab8c4a5280cb31c07de18af81fc0090caae10c98602d44caffc0: exec: \"auplink\": executable file not found in $PATH" 
time="2017-03-09T15:34:21.824000690+09:00" level=warning msg="Couldn't run auplink before unmount /var/lib/docker/aufs/mnt/0425dbda572cab8c4a5280cb31c07de18af81fc0090caae10c98602d44caffc0: exec: \"auplink\": executable file not found in $PATH" 
time="2017-03-09T15:34:29.060309518+09:00" level=warning msg="Couldn't run auplink before unmount /var/lib/docker/aufs/mnt/0425dbda572cab8c4a5280cb31c07de18af81fc0090caae10c98602d44caffc0: exec: \"auplink\": executable file not found in $PATH" 
time="2017-03-09T15:34:29.198147804+09:00" level=warning msg="Couldn't run auplink before unmount /var/lib/docker/aufs/mnt/de704a98b4ffe5b9a7a9e72991b8c752fe50959b278391bfe0e235be1a4d24fe-init: exec: \"auplink\": executable file not found in $PATH" 
time="2017-03-09T15:34:29.226026349+09:00" level=warning msg="Couldn't run auplink before unmount /var/lib/docker/aufs/mnt/de704a98b4ffe5b9a7a9e72991b8c752fe50959b278391bfe0e235be1a4d24fe: exec: \"auplink\": executable file not found in $PATH" 
time="2017-03-09T15:34:29.277554834+09:00" level=warning msg="Couldn't run auplink before unmount /var/lib/docker/aufs/mnt/de704a98b4ffe5b9a7a9e72991b8c752fe50959b278391bfe0e235be1a4d24fe: exec: \"auplink\": executable file not found in $PATH" 
time="2017-03-09T15:34:29.296364678+09:00" level=warning msg="Couldn't run auplink before unmount /var/lib/docker/aufs/mnt/0242b2116bf499d0b3d35b7654dba29eaa80f24ecd203812196acdc8f0f410a7-init: exec: \"auplink\": executable file not found in $PATH" 
time="2017-03-09T15:34:29.310715873+09:00" level=warning msg="Couldn't run auplink before unmount /var/lib/docker/aufs/mnt/0242b2116bf499d0b3d35b7654dba29eaa80f24ecd203812196acdc8f0f410a7: exec: \"auplink\": executable file not found in $PATH" 
time="2017-03-09T15:34:29.502698828+09:00" level=warning msg="Couldn't run auplink before unmount /var/lib/docker/aufs/mnt/0242b2116bf499d0b3d35b7654dba29eaa80f24ecd203812196acdc8f0f410a7: exec: \"auplink\": executable file not found in $PATH" 
time="2017-03-09T15:34:29.540326022+09:00" level=warning msg="Couldn't run auplink before unmount /var/lib/docker/aufs/mnt/0242b2116bf499d0b3d35b7654dba29eaa80f24ecd203812196acdc8f0f410a7: exec: \"auplink\": executable file not found in $PATH" 
time="2017-03-09T15:34:29.556488304+09:00" level=warning msg="Couldn't run auplink before unmount /var/lib/docker/aufs/mnt/455af057f2665bec487d7f8ee02e6a1d633719128645f9fbda52bec8e567a059-init: exec: \"auplink\": executable file not found in $PATH" 
time="2017-03-09T15:34:29.569725651+09:00" level=warning msg="Couldn't run auplink before unmount /var/lib/docker/aufs/mnt/455af057f2665bec487d7f8ee02e6a1d633719128645f9fbda52bec8e567a059: exec: \"auplink\": executable file not found in $PATH" 
time="2017-03-09T15:34:29.721230320+09:00" level=warning msg="failed to close stdin: rpc error: code = 2 desc = containerd: container not found" 
time="2017-03-09T15:34:29.769987118+09:00" level=warning msg="Couldn't run auplink before unmount /var/lib/docker/aufs/mnt/455af057f2665bec487d7f8ee02e6a1d633719128645f9fbda52bec8e567a059: exec: \"auplink\": executable file not found in $PATH" 
time="2017-03-09T15:34:29.818259887+09:00" level=warning msg="Couldn't run auplink before unmount /var/lib/docker/aufs/mnt/455af057f2665bec487d7f8ee02e6a1d633719128645f9fbda52bec8e567a059: exec: \"auplink\": executable file not found in $PATH" 
time="2017-03-09T15:34:29.835604152+09:00" level=warning msg="Couldn't run auplink before unmount /var/lib/docker/aufs/mnt/8afa17121087d2d40a444cbf92f951a7aacb29fd3a1d6c5022ac034702b3c2d6-init: exec: \"auplink\": executable file not found in $PATH" 
time="2017-03-09T15:34:29.851344326+09:00" level=warning msg="Couldn't run auplink before unmount /var/lib/docker/aufs/mnt/8afa17121087d2d40a444cbf92f951a7aacb29fd3a1d6c5022ac034702b3c2d6: exec: \"auplink\": executable file not found in $PATH" 
time="2017-03-09T15:34:29.891500743+09:00" level=warning msg="Couldn't run auplink before unmount /var/lib/docker/aufs/mnt/8afa17121087d2d40a444cbf92f951a7aacb29fd3a1d6c5022ac034702b3c2d6: exec: \"auplink\": executable file not found in $PATH" 
time="2017-03-09T15:34:29.907298864+09:00" level=warning msg="Couldn't run auplink before unmount /var/lib/docker/aufs/mnt/568ca19b7e4e27c9e864521f132b4dae5797be1004e606a45c49238425268a9b-init: exec: \"auplink\": executable file not found in $PATH" 
time="2017-03-09T15:34:29.921565563+09:00" level=warning msg="Couldn't run auplink before unmount /var/lib/docker/aufs/mnt/568ca19b7e4e27c9e864521f132b4dae5797be1004e606a45c49238425268a9b: exec: \"auplink\": executable file not found in $PATH" 
time="2017-03-09T15:35:13.235451181+09:00" level=warning msg="Couldn't run auplink before unmount /var/lib/docker/aufs/mnt/568ca19b7e4e27c9e864521f132b4dae5797be1004e606a45c49238425268a9b: exec: \"auplink\": executable file not found in $PATH" 
time="2017-03-09T15:35:13.340288316+09:00" level=warning msg="Couldn't run auplink before unmount /var/lib/docker/aufs/mnt/568ca19b7e4e27c9e864521f132b4dae5797be1004e606a45c49238425268a9b: exec: \"auplink\": executable file not found in $PATH" 
time="2017-03-09T15:35:13.363901451+09:00" level=warning msg="Couldn't run auplink before unmount /var/lib/docker/aufs/mnt/6652c77595d1f7654076bc6f6c06c34b5a63af37fe55d6864868393e83188409-init: exec: \"auplink\": executable file not found in $PATH" 
time="2017-03-09T15:35:13.378700252+09:00" level=warning msg="Couldn't run auplink before unmount /var/lib/docker/aufs/mnt/6652c77595d1f7654076bc6f6c06c34b5a63af37fe55d6864868393e83188409: exec: \"auplink\": executable file not found in $PATH" 
time="2017-03-09T15:35:13.412763894+09:00" level=info msg="Layer sha256:80ec1b44113bebe6c59671bb727a530e4c467fea178a42a500ed4d38c59eb731 cleaned up" 
time="2017-03-09T15:35:13.412817895+09:00" level=warning msg="Couldn't run auplink before unmount /var/lib/docker/aufs/mnt/6652c77595d1f7654076bc6f6c06c34b5a63af37fe55d6864868393e83188409: exec: \"auplink\": executable file not found in $PATH" 
time="2017-03-09T15:35:13.428375868+09:00" level=warning msg="Couldn't run auplink before unmount /var/lib/docker/aufs/mnt/f614bb5472539e59ab8671ae831adabac3ca736eba08b2c3903a1650fbb4c7ec-init: exec: \"auplink\": executable file not found in $PATH" 
time="2017-03-09T15:35:13.441411436+09:00" level=warning msg="Couldn't run auplink before unmount /var/lib/docker/aufs/mnt/f614bb5472539e59ab8671ae831adabac3ca736eba08b2c3903a1650fbb4c7ec: exec: \"auplink\": executable file not found in $PATH" 
time="2017-03-09T15:39:50.341241185+09:00" level=warning msg="Couldn't run auplink before unmount /var/lib/docker/aufs/mnt/f614bb5472539e59ab8671ae831adabac3ca736eba08b2c3903a1650fbb4c7ec: exec: \"auplink\": executable file not found in $PATH" 
time="2017-03-09T15:39:57.981159215+09:00" level=warning msg="Couldn't run auplink before unmount /var/lib/docker/aufs/mnt/f614bb5472539e59ab8671ae831adabac3ca736eba08b2c3903a1650fbb4c7ec: exec: \"auplink\": executable file not found in $PATH" 
time="2017-03-09T15:39:58.116641853+09:00" level=warning msg="Couldn't run auplink before unmount /var/lib/docker/aufs/mnt/ecbbd79ebb079029dea6b9858a2fc3ea55bf434c7048d172b64b2aea0af1d7be-init: exec: \"auplink\": executable file not found in $PATH" 
time="2017-03-09T15:39:58.145127094+09:00" level=warning msg="Couldn't run auplink before unmount /var/lib/docker/aufs/mnt/ecbbd79ebb079029dea6b9858a2fc3ea55bf434c7048d172b64b2aea0af1d7be: exec: \"auplink\": executable file not found in $PATH" 
time="2017-03-09T15:39:58.191667638+09:00" level=warning msg="Couldn't run auplink before unmount /var/lib/docker/aufs/mnt/ecbbd79ebb079029dea6b9858a2fc3ea55bf434c7048d172b64b2aea0af1d7be: exec: \"auplink\": executable file not found in $PATH" 
time="2017-03-09T15:39:58.364364672+09:00" level=error msg="Handler for POST /v1.24/containers/create returned error: No such image: postgres:latest" 
time="2017-03-09T15:40:11.006051278+09:00" level=warning msg="Couldn't run auplink before unmount /var/lib/docker/aufs/mnt/1dc60676f8f8d9969af61bb562e37714b4992f52b53ef69691760090fc9fbf85-init: exec: \"auplink\": executable file not found in $PATH" 
time="2017-03-09T15:40:11.036861376+09:00" level=warning msg="Couldn't run auplink before unmount /var/lib/docker/aufs/mnt/1dc60676f8f8d9969af61bb562e37714b4992f52b53ef69691760090fc9fbf85: exec: \"auplink\": executable file not found in $PATH" 
time="2017-03-09T15:41:37.118216745+09:00" level=error msg="Handler for POST /v1.24/containers/create returned error: Conflict. The name \"/emaki_pg\" is already in use by container 3008437f0c0788446cd2f3da7af9d70c8fb30aab9573617292827e21ea94ba56. You have to remove (or rename) that container to be able to reuse that name." 
time="2017-03-09T15:41:49.589775757+09:00" level=warning msg="Couldn't run auplink before unmount /var/lib/docker/aufs/mnt/9ecac8b083819ef486925039940dace6e802fd1cd5eefe0373ffa06311d40b7b-init: exec: \"auplink\": executable file not found in $PATH" 
time="2017-03-09T15:41:49.608723288+09:00" level=warning msg="Couldn't run auplink before unmount /var/lib/docker/aufs/mnt/9ecac8b083819ef486925039940dace6e802fd1cd5eefe0373ffa06311d40b7b: exec: \"auplink\": executable file not found in $PATH" 
time="2017-03-09T15:42:41.204756915+09:00" level=error msg="Handler for POST /v1.24/containers/create returned error: Conflict. The name \"/emaki\" is already in use by container b605514d0284f27d3804789df0c3ae6781ff2b331ca0f422b93983531070f85f. You have to remove (or rename) that container to be able to reuse that name." 
time="2017-03-09T15:42:43.67786489+09:00" level=warning msg="containerd: unable to save b605514d0284f27d3804789df0c3ae6781ff2b331ca0f422b93983531070f85f:768850c9e8894d7d5ddb2854dd0e1364034ea123ff9692437a1f99fabbdbe107 starttime: open /proc/25064/stat: no such file or directory" 
time="2017-03-09T15:42:43.678833419+09:00" level=info msg="containerd: b605514d0284f27d3804789df0c3ae6781ff2b331ca0f422b93983531070f85f:768850c9e8894d7d5ddb2854dd0e1364034ea123ff9692437a1f99fabbdbe107 (pid 25064) has become an orphan, killing it" 
time="2017-03-09T15:44:25.775642829+09:00" level=error msg="failed to close stdin: rpc error: code = 2 desc = containerd: process not found for container" 
time="2017-03-09T15:51:19.839183452+09:00" level=error msg="failed to close stdin: rpc error: code = 2 desc = containerd: process not found for container" 
time="2017-03-09T15:56:54.951903230+09:00" level=error msg="failed to close stdin: rpc error: code = 2 desc = containerd: process not found for container" 
time="2017-03-09T15:58:13.754928364+09:00" level=error msg="failed to close stdin: rpc error: code = 2 desc = containerd: process not found for container" 
time="2017-03-09T15:58:33.991410539+09:00" level=error msg="failed to close stdin: rpc error: code = 2 desc = containerd: process not found for container" 
time="2017-03-09T15:58:44.265568790+09:00" level=error msg="failed to close stdin: rpc error: code = 2 desc = containerd: process not found for container" 
time="2017-03-09T15:59:37.269375069+09:00" level=error msg="failed to close stdin: rpc error: code = 2 desc = containerd: process not found for container" 
time="2017-03-09T16:11:17.702296490+09:00" level=error msg="failed to close stdin: rpc error: code = 2 desc = containerd: process not found for container" 
time="2017-03-09T16:11:25.314089465+09:00" level=error msg="failed to close stdin: rpc error: code = 2 desc = containerd: process not found for container" 
